<?xml version="1.0" encoding="UTF-8"?>
<!-- Generated by org.testng.reporters.JUnitReportReporter -->
<testsuite skipped="0" hostname="HuynhHung" name="Demo.TestCase_Adayroi_PageFactory.TestCase.SignInPage_Test" tests="1" failures="0" timestamp="25 May 2019 16:22:24 GMT" time="7.968" errors="0">
  <testcase name="Testdangnhapthanhcong" time="7.968" classname="Demo.TestCase_Adayroi_PageFactory.TestCase.SignInPage_Test"/>
</testsuite> <!-- Demo.TestCase_Adayroi_PageFactory.TestCase.SignInPage_Test -->
